<?xml version="1.0" encoding="UTF-8"?>
<!-- Generated by org.testng.reporters.JUnitReportReporter -->
<testsuite name="dropDown.BootStrapDD" tests="1" time="11.185" ignored="0" failures="0" timestamp="24 Feb 2017 01:43:18 GMT" skipped="0" hostname="Mrinalis-MacBook-Air.local" errors="0">
  <testcase name="bootStrapDD" time="11.185" classname="dropDown.BootStrapDD"/>
</testsuite> <!-- dropDown.BootStrapDD -->
