<?xml version="1.0" encoding="UTF-8"?>
<!-- Generated by org.testng.reporters.JUnitReportReporter -->
<testsuite name="dropDown.ExplicitWait" tests="1" time="15.119" ignored="0" failures="0" timestamp="24 Feb 2017 08:57:19 GMT" skipped="0" hostname="Mrinalis-MacBook-Air.local" errors="0">
  <testcase name="explicitWait" time="15.119" classname="dropDown.ExplicitWait"/>
</testsuite> <!-- dropDown.ExplicitWait -->
